<?xml version="1.0" encoding="UTF-8"?>
<testng-results ignored="0" total="2" passed="2" failed="0" skipped="0">
  <reporter-output>
  </reporter-output>
  <suite started-at="2023-01-13T12:30:20 IST" name="Default suite" finished-at="2023-01-13T12:32:11 IST" duration-ms="110237">
    <groups>
    </groups>
    <test started-at="2023-01-13T12:30:20 IST" name="Default test" finished-at="2023-01-13T12:32:11 IST" duration-ms="110237">
      <class name="com.MyTests.TestClass">
        <test-method is-config="true" signature="beforeClass()[pri:0, instance:com.MyTests.TestClass@26d820eb]" started-at="2023-01-13T12:30:21 IST" name="beforeClass" finished-at="2023-01-13T12:30:21 IST" duration-ms="16" status="PASS">
          <reporter-output>
          </reporter-output>
        </test-method> <!-- beforeClass -->
        <test-method is-config="true" signature="setUpTest()[pri:0, instance:com.MyTests.TestClass@26d820eb]" started-at="2023-01-13T12:30:21 IST" name="setUpTest" finished-at="2023-01-13T12:30:33 IST" duration-ms="11960" status="PASS">
          <reporter-output>
          </reporter-output>
        </test-method> <!-- setUpTest -->
        <test-method signature="navigateToCheckoutPage()[pri:1, instance:com.MyTests.TestClass@26d820eb]" started-at="2023-01-13T12:30:33 IST" name="navigateToCheckoutPage" description="Checking whether sub total is correct" finished-at="2023-01-13T12:30:56 IST" duration-ms="23625" status="PASS">
          <reporter-output>
          </reporter-output>
        </test-method> <!-- navigateToCheckoutPage -->
        <test-method is-config="true" signature="tearDown(org.testng.ITestResult)[pri:0, instance:com.MyTests.TestClass@26d820eb]" started-at="2023-01-13T12:30:56 IST" name="tearDown" finished-at="2023-01-13T12:30:57 IST" duration-ms="738" status="PASS">
          <params>
            <param index="0">
              <value>
                <![CDATA[[TestResult name=navigateToCheckoutPage status=SUCCESS method=TestClass.navigateToCheckoutPage()[pri:1, instance:com.MyTests.TestClass@26d820eb] output={null}]]]>
              </value>
            </param>
          </params>
          <reporter-output>
          </reporter-output>
        </test-method> <!-- tearDown -->
        <test-method is-config="true" signature="setUpTest()[pri:0, instance:com.MyTests.TestClass@26d820eb]" started-at="2023-01-13T12:30:57 IST" name="setUpTest" finished-at="2023-01-13T12:31:07 IST" duration-ms="9433" status="PASS">
          <reporter-output>
          </reporter-output>
        </test-method> <!-- setUpTest -->
        <test-method signature="navigateToSummeryPage()[pri:2, instance:com.MyTests.TestClass@26d820eb]" started-at="2023-01-13T12:31:07 IST" name="navigateToSummeryPage" description="Checking whether sub total is correct in the summery page" finished-at="2023-01-13T12:32:10 IST" duration-ms="63378" status="PASS">
          <reporter-output>
          </reporter-output>
        </test-method> <!-- navigateToSummeryPage -->
        <test-method is-config="true" signature="tearDown(org.testng.ITestResult)[pri:0, instance:com.MyTests.TestClass@26d820eb]" started-at="2023-01-13T12:32:10 IST" name="tearDown" finished-at="2023-01-13T12:32:11 IST" duration-ms="741" status="PASS">
          <params>
            <param index="0">
              <value>
                <![CDATA[[TestResult name=navigateToSummeryPage status=SUCCESS method=TestClass.navigateToSummeryPage()[pri:2, instance:com.MyTests.TestClass@26d820eb] output={null}]]]>
              </value>
            </param>
          </params>
          <reporter-output>
          </reporter-output>
        </test-method> <!-- tearDown -->
        <test-method is-config="true" signature="afterClass()[pri:0, instance:com.MyTests.TestClass@26d820eb]" started-at="2023-01-13T12:32:11 IST" name="afterClass" finished-at="2023-01-13T12:32:11 IST" duration-ms="0" status="PASS">
          <reporter-output>
          </reporter-output>
        </test-method> <!-- afterClass -->
      </class> <!-- com.MyTests.TestClass -->
    </test> <!-- Default test -->
  </suite> <!-- Default suite -->
</testng-results>
